<?xml version="1.0" encoding="UTF-8"?>
<!-- Generated by org.testng.reporters.JUnitXMLReporter -->
<testsuite hostname="ADVHYD-LAPTOP04" name="Login Test" tests="4" failures="1" timestamp="19 Aug 2016 17:06:11 GMT" time="0.085" errors="0">
  <testcase name="doForgotPassword" time="0.024" classname="testngpackage3.GmailLoginTests"/>
  <testcase name="doLogin" time="0.003" classname="testngpackage3.GmailLoginTests"/>
  <testcase name="doResetPassword" time="0.002" classname="testngpackage3.GmailLoginTests"/>
  <testcase name="doSignup" time="0.005" classname="testngpackage3.GmailLoginTests">
    <failure type="java.lang.AssertionError" message="expected [false] but found [true]">
      <![CDATA[java.lang.AssertionError: expected [false] but found [true]
	at testngpackage3.GmailLoginTests.doSignup(GmailLoginTests.java:32)
... Removed 31 stack frames]]>
    </failure>
  </testcase> <!-- doSignup -->
</testsuite> <!-- Login Test -->
