<?xml version="1.0" encoding="UTF-8"?>
<!-- Generated by org.testng.reporters.JUnitXMLReporter -->
<testsuite hostname="DESKTOP-HUTLBGH" name="Chat Test" tests="3" failures="0" timestamp="16 Oct 2019 21:57:36 GMT" time="0.078" errors="0">
  <testcase name="doChat" time="0.014" classname="testngpackage3.GmailChatTests"/>
  <testcase name="doGroupChat" time="0.003" classname="testngpackage3.GmailChatTests"/>
  <testcase name="sendChatInvitation" time="0.003" classname="testngpackage3.GmailChatTests"/>
</testsuite> <!-- Chat Test -->
