<?xml version="1.0" encoding="UTF-8"?>
<!-- Generated by org.testng.reporters.JUnitXMLReporter -->
<testsuite hostname="ADVHYD-LAPTOP04" name="Login Test(failed)(failed)" tests="1" failures="1" timestamp="19 Aug 2016 16:28:24 GMT" time="0.056" errors="0">
  <testcase name="doSignup" time="0.02" classname="testngpackage3.GmailLoginTests">
    <failure type="java.lang.AssertionError" message="expected [false] but found [true]">
      <![CDATA[java.lang.AssertionError: expected [false] but found [true]
	at testngpackage3.GmailLoginTests.doSignup(GmailLoginTests.java:32)
... Removed 31 stack frames]]>
    </failure>
  </testcase> <!-- doSignup -->
</testsuite> <!-- Login Test(failed)(failed) -->
