<?xml version="1.0" encoding="UTF-8"?>
<!-- Generated by org.testng.reporters.JUnitXMLReporter -->
<testsuite hostname="ADVHYD-LAPTOP04" name="TestSnooze" tests="4" failures="0" timestamp="17 Aug 2016 16:17:50 GMT" time="0.078" errors="0">
  <testcase name="doForgotPassword" time="0.008" classname="testngpackage2.GmailLoginTests"/>
  <testcase name="doLogin" time="0.004" classname="testngpackage2.GmailLoginTests"/>
  <testcase name="doResetPassword" time="0.005" classname="testngpackage2.GmailLoginTests"/>
  <testcase name="doSignup" time="0.002" classname="testngpackage2.GmailLoginTests"/>
</testsuite> <!-- TestSnooze -->
