<?xml version="1.0" encoding="UTF-8"?>
<!-- Generated by org.testng.reporters.JUnitXMLReporter -->
<testsuite hostname="DESKTOP-HUTLBGH" name="Chat Test" tests="3" failures="0" timestamp="16 Oct 2019 20:36:36 GMT" time="0.033" errors="0">
  <testcase name="doChat" time="0.002" classname="testngpackage2.GmailChatTests"/>
  <testcase name="doGroupChat" time="0.004" classname="testngpackage2.GmailChatTests"/>
  <testcase name="sendChatInvitation" time="0.006" classname="testngpackage2.GmailChatTests"/>
</testsuite> <!-- Chat Test -->
