<?xml version="1.0" encoding="UTF-8"?>
<!-- Generated by org.testng.reporters.JUnitXMLReporter -->
<testsuite hostname="DESKTOP-HUTLBGH" name="Email Test" tests="4" failures="0" timestamp="16 Oct 2019 20:36:36 GMT" time="0.03" errors="0">
  <testcase name="sendAllEmail" time="0.002" classname="testngpackage2.GmailSendEmailTests"/>
  <testcase name="sendEmail" time="0.001" classname="testngpackage2.GmailSendEmailTests"/>
  <testcase name="replyAllEmail" time="0.003" classname="testngpackage2.GmailReplyEmailTests"/>
  <testcase name="replyEmail" time="0.002" classname="testngpackage2.GmailReplyEmailTests"/>
</testsuite> <!-- Email Test -->
