<?xml version="1.0" encoding="UTF-8"?>
<!-- Generated by org.testng.reporters.JUnitXMLReporter -->
<testsuite hostname="DESKTOP-HUTLBGH" name="Login Test" tests="4" failures="0" timestamp="16 Oct 2019 20:36:36 GMT" time="0.046" errors="0">
  <testcase name="doForgotPassword" time="0.008" classname="testngpackage2.GmailLoginTests"/>
  <testcase name="doLogin" time="0.002" classname="testngpackage2.GmailLoginTests"/>
  <testcase name="doResetPassword" time="0.003" classname="testngpackage2.GmailLoginTests"/>
  <testcase name="doSignup" time="0.002" classname="testngpackage2.GmailLoginTests"/>
</testsuite> <!-- Login Test -->
