<?xml version="1.0" encoding="UTF-8"?>
<testng-results skipped="0" failed="1" total="1" passed="0">
  <reporter-output>
  </reporter-output>
  <suite name="Default suite" duration-ms="30" started-at="2016-01-28T13:11:22Z" finished-at="2016-01-28T13:11:22Z">
    <groups>
      <group name="DesktopTests">
        <method signature="TestCombinedPop.testCombinedPopForDesktop(com.advertise.model.RowObject)[pri:0, instance:com.advertise.tests.TestCombinedPop@6e912008]" name="testCombinedPopForDesktop" class="com.advertise.tests.TestCombinedPop"/>
      </group> <!-- DesktopTests -->
      <group name="CombinedPopTests">
        <method signature="TestCombinedPop.testCombinedPopForDesktop(com.advertise.model.RowObject)[pri:0, instance:com.advertise.tests.TestCombinedPop@6e912008]" name="testCombinedPopForDesktop" class="com.advertise.tests.TestCombinedPop"/>
      </group> <!-- CombinedPopTests -->
      <group name="IYCombinedPopTests">
        <method signature="TestCombinedPop.testCombinedPopForDesktop(com.advertise.model.RowObject)[pri:0, instance:com.advertise.tests.TestCombinedPop@6e912008]" name="testCombinedPopForDesktop" class="com.advertise.tests.TestCombinedPop"/>
      </group> <!-- IYCombinedPopTests -->
      <group name="AllTests">
        <method signature="TestCombinedPop.testCombinedPopForDesktop(com.advertise.model.RowObject)[pri:0, instance:com.advertise.tests.TestCombinedPop@6e912008]" name="testCombinedPopForDesktop" class="com.advertise.tests.TestCombinedPop"/>
      </group> <!-- AllTests -->
      <group name="DesktopPopTests">
        <method signature="TestCombinedPop.testCombinedPopForDesktop(com.advertise.model.RowObject)[pri:0, instance:com.advertise.tests.TestCombinedPop@6e912008]" name="testCombinedPopForDesktop" class="com.advertise.tests.TestCombinedPop"/>
      </group> <!-- DesktopPopTests -->
      <group name="DesktopIYTests">
        <method signature="TestCombinedPop.testCombinedPopForDesktop(com.advertise.model.RowObject)[pri:0, instance:com.advertise.tests.TestCombinedPop@6e912008]" name="testCombinedPopForDesktop" class="com.advertise.tests.TestCombinedPop"/>
      </group> <!-- DesktopIYTests -->
      <group name="IYTests">
        <method signature="TestCombinedPop.testCombinedPopForDesktop(com.advertise.model.RowObject)[pri:0, instance:com.advertise.tests.TestCombinedPop@6e912008]" name="testCombinedPopForDesktop" class="com.advertise.tests.TestCombinedPop"/>
      </group> <!-- IYTests -->
      <group name="DesktopCombinedPopTests">
        <method signature="TestCombinedPop.testCombinedPopForDesktop(com.advertise.model.RowObject)[pri:0, instance:com.advertise.tests.TestCombinedPop@6e912008]" name="testCombinedPopForDesktop" class="com.advertise.tests.TestCombinedPop"/>
      </group> <!-- DesktopCombinedPopTests -->
    </groups>
    <test name="Default test" duration-ms="30" started-at="2016-01-28T13:11:22Z" finished-at="2016-01-28T13:11:22Z">
      <class name="com.advertise.tests.TestCombinedPop">
        <test-method status="FAIL" signature="beforeTest()[pri:0, instance:com.advertise.tests.TestCombinedPop@6e912008]" name="beforeTest" is-config="true" duration-ms="0" started-at="2016-01-28T18:41:22Z" finished-at="2016-01-28T18:41:22Z">
          <exception class="java.lang.Error">
            <message>
              <![CDATA[Unresolved compilation problem: 
	Syntax error on token ".", * expected after this token
]]>
            </message>
            <full-stacktrace>
              <![CDATA[java.lang.Error: Unresolved compilation problem: 
	Syntax error on token ".", * expected after this token

	at com.advertise.datahandler.PopDataHandler.<init>(PopDataHandler.java:27)
	at com.advertise.tests.TestCombinedPop.beforeTest(TestCombinedPop.java:66)
	at sun.reflect.NativeMethodAccessorImpl.invoke0(Native Method)
	at sun.reflect.NativeMethodAccessorImpl.invoke(NativeMethodAccessorImpl.java:57)
	at sun.reflect.DelegatingMethodAccessorImpl.invoke(DelegatingMethodAccessorImpl.java:43)
	at java.lang.reflect.Method.invoke(Method.java:606)
	at org.testng.internal.MethodInvocationHelper.invokeMethod(MethodInvocationHelper.java:84)
	at org.testng.internal.Invoker.invokeConfigurationMethod(Invoker.java:564)
	at org.testng.internal.Invoker.invokeConfigurations(Invoker.java:213)
	at org.testng.internal.Invoker.invokeConfigurations(Invoker.java:138)
	at org.testng.TestRunner.beforeRun(TestRunner.java:641)
	at org.testng.TestRunner.run(TestRunner.java:609)
	at org.testng.SuiteRunner.runTest(SuiteRunner.java:334)
	at org.testng.SuiteRunner.runSequentially(SuiteRunner.java:329)
	at org.testng.SuiteRunner.privateRun(SuiteRunner.java:291)
	at org.testng.SuiteRunner.run(SuiteRunner.java:240)
	at org.testng.SuiteRunnerWorker.runSuite(SuiteRunnerWorker.java:52)
	at org.testng.SuiteRunnerWorker.run(SuiteRunnerWorker.java:86)
	at org.testng.TestNG.runSuitesSequentially(TestNG.java:1224)
	at org.testng.TestNG.runSuitesLocally(TestNG.java:1149)
	at org.testng.TestNG.run(TestNG.java:1057)
	at org.testng.remote.RemoteTestNG.run(RemoteTestNG.java:111)
	at org.testng.remote.RemoteTestNG.initAndRun(RemoteTestNG.java:204)
	at org.testng.remote.RemoteTestNG.main(RemoteTestNG.java:175)
]]>
            </full-stacktrace>
          </exception> <!-- java.lang.Error -->
          <reporter-output>
          </reporter-output>
        </test-method> <!-- beforeTest -->
        <test-method status="FAIL" signature="testCombinedPopForDesktop(com.advertise.model.RowObject)[pri:0, instance:com.advertise.tests.TestCombinedPop@6e912008]" name="testCombinedPopForDesktop" duration-ms="0" started-at="2016-01-28T18:41:22Z" description="Testing IY Master Pop behavior for Desktop" data-provider="getDesktopDataFromExcel" finished-at="2016-01-28T18:41:22Z">
          <exception class="java.lang.RuntimeException">
            <message>
              <![CDATA[java.lang.NullPointerException]]>
            </message>
            <full-stacktrace>
              <![CDATA[java.lang.RuntimeException: java.lang.NullPointerException
	at org.testng.internal.MethodInvocationHelper.invokeDataProvider(MethodInvocationHelper.java:161)
	at org.testng.internal.Parameters.handleParameters(Parameters.java:429)
	at org.testng.internal.Invoker.handleParameters(Invoker.java:1383)
	at org.testng.internal.Invoker.createParameters(Invoker.java:1075)
	at org.testng.internal.Invoker.invokeTestMethods(Invoker.java:1180)
	at org.testng.internal.TestMethodWorker.invokeTestMethods(TestMethodWorker.java:127)
	at org.testng.internal.TestMethodWorker.run(TestMethodWorker.java:111)
	at org.testng.TestRunner.privateRun(TestRunner.java:767)
	at org.testng.TestRunner.run(TestRunner.java:617)
	at org.testng.SuiteRunner.runTest(SuiteRunner.java:334)
	at org.testng.SuiteRunner.runSequentially(SuiteRunner.java:329)
	at org.testng.SuiteRunner.privateRun(SuiteRunner.java:291)
	at org.testng.SuiteRunner.run(SuiteRunner.java:240)
	at org.testng.SuiteRunnerWorker.runSuite(SuiteRunnerWorker.java:52)
	at org.testng.SuiteRunnerWorker.run(SuiteRunnerWorker.java:86)
	at org.testng.TestNG.runSuitesSequentially(TestNG.java:1224)
	at org.testng.TestNG.runSuitesLocally(TestNG.java:1149)
	at org.testng.TestNG.run(TestNG.java:1057)
	at org.testng.remote.RemoteTestNG.run(RemoteTestNG.java:111)
	at org.testng.remote.RemoteTestNG.initAndRun(RemoteTestNG.java:204)
	at org.testng.remote.RemoteTestNG.main(RemoteTestNG.java:175)
Caused by: java.lang.NullPointerException
	at com.advertise.tests.TestCombinedPop.getDesktopDataFromExcel(TestCombinedPop.java:82)
	at sun.reflect.NativeMethodAccessorImpl.invoke0(Native Method)
	at sun.reflect.NativeMethodAccessorImpl.invoke(NativeMethodAccessorImpl.java:57)
	at sun.reflect.DelegatingMethodAccessorImpl.invoke(DelegatingMethodAccessorImpl.java:43)
	at java.lang.reflect.Method.invoke(Method.java:606)
	at org.testng.internal.MethodInvocationHelper.invokeMethod(MethodInvocationHelper.java:84)
	at org.testng.internal.MethodInvocationHelper.invokeDataProvider(MethodInvocationHelper.java:135)
	... 20 more
]]>
            </full-stacktrace>
          </exception> <!-- java.lang.RuntimeException -->
          <reporter-output>
          </reporter-output>
        </test-method> <!-- testCombinedPopForDesktop -->
        <test-method status="FAIL" signature="writeTestCaseResults()[pri:0, instance:com.advertise.tests.TestCombinedPop@6e912008]" name="writeTestCaseResults" is-config="true" duration-ms="0" started-at="2016-01-28T18:41:22Z" finished-at="2016-01-28T18:41:22Z">
          <exception class="java.lang.NullPointerException">
            <full-stacktrace>
              <![CDATA[java.lang.NullPointerException
	at com.advertise.tests.TestCombinedPop.writeTestCaseResults(TestCombinedPop.java:425)
	at sun.reflect.NativeMethodAccessorImpl.invoke0(Native Method)
	at sun.reflect.NativeMethodAccessorImpl.invoke(NativeMethodAccessorImpl.java:57)
	at sun.reflect.DelegatingMethodAccessorImpl.invoke(DelegatingMethodAccessorImpl.java:43)
	at java.lang.reflect.Method.invoke(Method.java:606)
	at org.testng.internal.MethodInvocationHelper.invokeMethod(MethodInvocationHelper.java:84)
	at org.testng.internal.Invoker.invokeConfigurationMethod(Invoker.java:564)
	at org.testng.internal.Invoker.invokeConfigurations(Invoker.java:213)
	at org.testng.internal.Invoker.invokeConfigurations(Invoker.java:138)
	at org.testng.TestRunner.afterRun(TestRunner.java:1014)
	at org.testng.TestRunner.run(TestRunner.java:621)
	at org.testng.SuiteRunner.runTest(SuiteRunner.java:334)
	at org.testng.SuiteRunner.runSequentially(SuiteRunner.java:329)
	at org.testng.SuiteRunner.privateRun(SuiteRunner.java:291)
	at org.testng.SuiteRunner.run(SuiteRunner.java:240)
	at org.testng.SuiteRunnerWorker.runSuite(SuiteRunnerWorker.java:52)
	at org.testng.SuiteRunnerWorker.run(SuiteRunnerWorker.java:86)
	at org.testng.TestNG.runSuitesSequentially(TestNG.java:1224)
	at org.testng.TestNG.runSuitesLocally(TestNG.java:1149)
	at org.testng.TestNG.run(TestNG.java:1057)
	at org.testng.remote.RemoteTestNG.run(RemoteTestNG.java:111)
	at org.testng.remote.RemoteTestNG.initAndRun(RemoteTestNG.java:204)
	at org.testng.remote.RemoteTestNG.main(RemoteTestNG.java:175)
]]>
            </full-stacktrace>
          </exception> <!-- java.lang.NullPointerException -->
          <reporter-output>
          </reporter-output>
        </test-method> <!-- writeTestCaseResults -->
      </class> <!-- com.advertise.tests.TestCombinedPop -->
    </test> <!-- Default test -->
  </suite> <!-- Default suite -->
</testng-results>
